<?xml version="1.0" encoding="UTF-8"?>
<testsuite xmlns:xsi="http://www.w3.org/2001/XMLSchema-instance" xsi:noNamespaceSchemaLocation="https://maven.apache.org/surefire/maven-failsafe-plugin/xsd/failsafe-test-report.xsd" name="Test" time="174.143" tests="2" errors="2" skipped="0" failures="0">
  <properties>
[...]
</properties>
  <testcase name="Comprar suscripción mediante CloudPay con dlocal" classname="Comprar suscripción desde CloudPay con dLocal" time="116.428">
    <error message="no such element: Unable to locate element: {&quot;method&quot;:&quot;xpath&quot;,&quot;selector&quot;:&quot;//*[@id=&quot;root&quot;]/div/main/div/div/div/div[2]/div[2]/div/div[2]/table/tbody/tr/td[6]&quot;}&#10;  (Session info: chrome=95.0.4638.69)&#10;For documentation on this error, please visit: https://www.seleniumhq.org/exceptions/no_such_element.html&#10;Build info: version: &apos;3.141.59&apos;, revision: &apos;e82be7d358&apos;, time: &apos;2018-11-14T08:17:03&apos;&#10;System info: host: &apos;LAPTOP-9H4QV9OJ&apos;, ip: &apos;172.27.247.105&apos;, os.name: &apos;Windows 10&apos;, os.arch: &apos;amd64&apos;, os.version: &apos;10.0&apos;, java.version: &apos;11.0.11&apos;&#10;Driver info: org.openqa.selenium.chrome.ChromeDriver&#10;Capabilities {acceptInsecureCerts: false, browserName: chrome, browserVersion: 95.0.4638.69, chrome: {chromedriverVersion: 95.0.4638.54 (d31a821ec901f..., userDataDir: C:\Users\jorge\AppData\Loca...}, goog:chromeOptions: {debuggerAddress: localhost:59209}, javascriptEnabled: true, networkConnectionEnabled: false, pageLoadStrategy: normal, platform: WINDOWS, platformName: WINDOWS, proxy: Proxy(), setWindowRect: true, strictFileInteractability: false, timeouts: {implicit: 0, pageLoad: 300000, script: 30000}, unhandledPromptBehavior: dismiss and notify, webauthn:extension:credBlob: true, webauthn:extension:largeBlob: true, webauthn:virtualAuthenticators: true}&#10;Session ID: 00a0a43454be46c2339124b19ca993b1&#10;*** Element info: {Using=xpath, value=//*[@id=&quot;root&quot;]/div/main/div/div/div/div[2]/div[2]/div/div[2]/table/tbody/tr/td[6]}" type="org.openqa.selenium.NoSuchElementException">org.openqa.selenium.NoSuchElementException: 
no such element: Unable to locate element: {"method":"xpath","selector":"//*[@id="root"]/div/main/div/div/div/div[2]/div[2]/div/div[2]/table/tbody/tr/td[6]"}
  (Session info: chrome=95.0.4638.69)
For documentation on this error, please visit: https://www.seleniumhq.org/exceptions/no_such_element.html
Build info: version: '3.141.59', revision: 'e82be7d358', time: '2018-11-14T08:17:03'
System info: host: 'LAPTOP-9H4QV9OJ', ip: '172.27.247.105', os.name: 'Windows 10', os.arch: 'amd64', os.version: '10.0', java.version: '11.0.11'
Driver info: org.openqa.selenium.chrome.ChromeDriver
Capabilities {acceptInsecureCerts: false, browserName: chrome, browserVersion: 95.0.4638.69, chrome: {chromedriverVersion: 95.0.4638.54 (d31a821ec901f..., userDataDir: C:\Users\jorge\AppData\Loca...}, goog:chromeOptions: {debuggerAddress: localhost:59209}, javascriptEnabled: true, networkConnectionEnabled: false, pageLoadStrategy: normal, platform: WINDOWS, platformName: WINDOWS, proxy: Proxy(), setWindowRect: true, strictFileInteractability: false, timeouts: {implicit: 0, pageLoad: 300000, script: 30000}, unhandledPromptBehavior: dismiss and notify, webauthn:extension:credBlob: true, webauthn:extension:largeBlob: true, webauthn:virtualAuthenticators: true}
Session ID: 00a0a43454be46c2339124b19ca993b1
*** Element info: {Using=xpath, value=//*[@id="root"]/div/main/div/div/div/div[2]/div[2]/div/div[2]/table/tbody/tr/td[6]}
</error>
    <system-out><![CDATA[17:27:05.360 [main] DEBUG n.t.c.u.PropertiesFileLocalPreferences - LOADING LOCAL PROPERTIES FROM D:\QA Toolbox\Test_Serenity\serenity-gaa\serenity.properties 
17:27:05.398 [main] DEBUG n.t.c.u.PropertiesFileLocalPreferences - LOADING LOCAL PROPERTIES FROM D:\QA Toolbox\Test_Serenity\serenity-gaa\serenity.properties 
17:27:05.398 [main] DEBUG n.t.c.u.PropertiesFileLocalPreferences - LOADING LOCAL PROPERTIES FROM D:\QA Toolbox\Test_Serenity\serenity-gaa\serenity.properties 
17:27:05.404 [main] DEBUG n.t.c.u.PropertiesFileLocalPreferences - webdriver.driver=chrome
17:27:05.404 [main] DEBUG n.t.c.u.PropertiesFileLocalPreferences - serenity.outputDirectory=../target/site/serenity
17:27:05.405 [main] DEBUG n.t.c.u.PropertiesFileLocalPreferences - serenity.take.screenshots=DISABLED
17:27:05.405 [main] DEBUG n.t.c.u.PropertiesFileLocalPreferences - serenity.project.name=Tarjeta de crï¿½dito
17:27:05.405 [main] DEBUG n.t.c.u.PropertiesFileLocalPreferences - serenity.browser.maximized=true
17:27:05.657 [main] DEBUG n.t.c.u.PropertiesFileLocalPreferences - LOADING LOCAL PROPERTIES FROM D:\QA Toolbox\Test_Serenity\serenity-gaa\serenity.properties 
17:27:05.662 [main] DEBUG n.t.c.u.PropertiesFileLocalPreferences - LOADING LOCAL PROPERTIES FROM D:\QA Toolbox\Test_Serenity\serenity-gaa\serenity.properties 
17:27:05.662 [main] DEBUG n.t.c.u.PropertiesFileLocalPreferences - LOADING LOCAL PROPERTIES FROM D:\QA Toolbox\Test_Serenity\serenity-gaa\serenity.properties 
17:27:05.663 [main] DEBUG n.t.c.u.PropertiesFileLocalPreferences - webdriver.driver=chrome
17:27:05.663 [main] DEBUG n.t.c.u.PropertiesFileLocalPreferences - serenity.outputDirectory=../target/site/serenity
17:27:05.663 [main] DEBUG n.t.c.u.PropertiesFileLocalPreferences - serenity.take.screenshots=DISABLED
17:27:05.663 [main] DEBUG n.t.c.u.PropertiesFileLocalPreferences - serenity.project.name=Tarjeta de crï¿½dito
17:27:05.663 [main] DEBUG n.t.c.u.PropertiesFileLocalPreferences - serenity.browser.maximized=true
17:27:05.669 [main] INFO  n.t.c.steps.ConsoleLoggingListener - 

-------------------------------------------------------------------------------------
     _______. _______ .______       _______ .__   __.  __  .___________.____    ____ 
    /       ||   ____||   _  \     |   ____||  \ |  | |  | |           |\   \  /   / 
   |   (----`|  |__   |  |_)  |    |  |__   |   \|  | |  | `---|  |----` \   \/   /  
    \   \    |   __|  |      /     |   __|  |  . `  | |  |     |  |       \_    _/   
.----)   |   |  |____ |  |\  \----.|  |____ |  |\   | |  |     |  |         |  |     
|_______/    |_______|| _| `._____||_______||__| \__| |__|     |__|         |__|    
                                                                                     
 News and tutorials at http://www.serenity-bdd.info                                  
 Documentation at https://wakaleo.gitbooks.io/the-serenity-book/content/             
 Join the Serenity Community on Rocket Chat at https://serenity-bdd.rocket.chat      
 Serenity BDD Support and Training at http://serenity-bdd.info/#/trainingandsupport  
 Learn Serenity BDD online at http://serenity-dojo.com                               
-------------------------------------------------------------------------------------

17:27:05.675 [main] DEBUG n.thucydides.core.steps.StepEventBus - Test suite started for story net.thucydides.core.model.Story@d6b4c1fc
17:27:05.677 [main] INFO  n.t.c.steps.ConsoleLoggingListener - Test Suite Started: Comprar suscripción desde CloudPay con dLocal
17:27:05.721 [main] INFO  n.t.c.steps.ConsoleLoggingListener - 
 _____ _____ ____ _____   ____ _____  _    ____ _____ _____ ____  
|_   _| ____/ ___|_   _| / ___|_   _|/ \  |  _ \_   _| ____|  _ \ 
  | | |  _| \___ \ | |   \___ \ | | / _ \ | |_) || | |  _| | | | |
  | | | |___ ___) || |    ___) || |/ ___ \|  _ < | | | |___| |_| |
  |_| |_____|____/ |_|   |____/ |_/_/   \_\_| \_\|_| |_____|____/ 
                                                                  

TEST STARTED: Comprar suscripción mediante CloudPay con dlocal
-------------------------------------------------------------------(comprar-suscripción-desde-cloudpay-con-dlocal;comprar-suscripción-mediante-cloudpay-con-dlocal)
17:27:05.739 [main] DEBUG n.t.core.requirements.RootDirectory - Resource directories found in  in 8 ms: []
17:27:05.746 [main] DEBUG n.t.core.requirements.RootDirectory - Resource directories found in D:\QA Toolbox\Test_Serenity\serenity-gaa in 1 ms: []
17:27:06.118 [main] DEBUG n.t.core.steps.StepInterceptor - STARTING STEP: PayStepDefinition.loginBS - Ingresa a dummy y selecciona Cloudpay del país Argentina 
17:27:06.998 [main] INFO  n.s.c.w.d.ProvideNewDriver - Instantiating driver
17:27:07.002 [main] INFO  n.s.c.w.d.ProvideNewDriver - Driver capabilities: Capabilities {acceptInsecureCerts: false, browserName: chrome, goog:chromeOptions: {args: [], extensions: []}, loggingPrefs: org.openqa.selenium.logging..., platform: ANY, version: }
17:27:09.794 [main] DEBUG n.s.core.photography.Darkroom - Opening darkroom
17:27:09.795 [Darkroom Processing Line] DEBUG n.s.c.p.DarkroomProcessingLine - Darkroom processing line starting up
17:27:10.285 [main] DEBUG n.s.core.photography.Darkroom - Send negative for processing for ..\target\site\serenity\f92ca4e5f77259e2764da9b220c5aa044a11b9cb14a96794ce44a278d09f90f9.png
17:27:10.286 [Darkroom Processing Line] DEBUG n.s.c.p.DarkroomProcessingLine - Processing screenshot image in /var/screenshots/screenshot-14586287192571325252
17:27:10.286 [Darkroom Processing Line] DEBUG n.s.c.p.DarkroomProcessingLine - Saving screenshot to ..\target\site\serenity\f92ca4e5f77259e2764da9b220c5aa044a11b9cb14a96794ce44a278d09f90f9.png
17:27:26.650 [main] DEBUG n.t.core.steps.StepInterceptor - STEP DONE: Ingresa a dummy y selecciona Cloudpay del país Argentina 
17:27:26.656 [main] DEBUG n.t.core.steps.StepInterceptor - STARTING STEP: PayStepDefinition.buySuscription - Selecciona la opción de Comprar Suscripción
17:27:29.747 [main] DEBUG n.t.core.steps.StepInterceptor - STEP DONE: Selecciona la opción de Comprar Suscripción
17:27:29.755 [main] DEBUG n.t.core.steps.StepInterceptor - STARTING STEP: PayStepDefinition.insertNames - Cliente digita su nombre y apellido
17:27:30.984 [main] DEBUG n.t.core.steps.StepInterceptor - STEP DONE: Cliente digita su nombre y apellido
17:27:30.990 [main] DEBUG n.t.core.steps.StepInterceptor - STARTING STEP: PayStepDefinition.insertEmail - Cliente ingresa su correo electronico
17:27:32.180 [main] DEBUG n.t.core.steps.StepInterceptor - STEP DONE: Cliente ingresa su correo electronico
17:27:32.184 [main] DEBUG n.t.core.steps.StepInterceptor - STARTING STEP: PayStepDefinition.acceptConditions - Cliente acepta los términos y da click en continuar
17:27:36.331 [main] DEBUG n.t.core.steps.StepInterceptor - STEP DONE: Cliente acepta los términos y da click en continuar
17:27:50.926 [main] DEBUG n.s.core.photography.Darkroom - Send negative for processing for ..\target\site\serenity\7098fb1f2fbedb86f3800afd65e34e00420df037a5e7d4302cf57ff6b54d6fe9.png
17:27:50.926 [Darkroom Processing Line] DEBUG n.s.c.p.DarkroomProcessingLine - Processing screenshot image in /var/screenshots/screenshot-10698243878395538222
17:27:50.926 [Darkroom Processing Line] DEBUG n.s.c.p.DarkroomProcessingLine - Saving screenshot to ..\target\site\serenity\7098fb1f2fbedb86f3800afd65e34e00420df037a5e7d4302cf57ff6b54d6fe9.png
S7W9R4
17:28:00.172 [main] DEBUG n.s.core.photography.Darkroom - Send negative for processing for ..\target\site\serenity\ded648013b908ee005bcae97ef9fc492c7c337e10f7744df6b923397a60b6357.png
17:28:00.173 [Darkroom Processing Line] DEBUG n.s.c.p.DarkroomProcessingLine - Processing screenshot image in /var/screenshots/screenshot-226364311563994182
17:28:00.173 [Darkroom Processing Line] DEBUG n.s.c.p.DarkroomProcessingLine - Saving screenshot to ..\target\site\serenity\ded648013b908ee005bcae97ef9fc492c7c337e10f7744df6b923397a60b6357.png
17:28:04.369 [main] DEBUG n.s.core.photography.Darkroom - Send negative for processing for ..\target\site\serenity\3d14a1671d85e0410b0011b600551e0aa5dd9d2fa0b4a59e6129c20544ba152d.png
17:28:04.369 [Darkroom Processing Line] DEBUG n.s.c.p.DarkroomProcessingLine - Processing screenshot image in /var/screenshots/screenshot-3080959272100637236
17:28:04.370 [Darkroom Processing Line] DEBUG n.s.c.p.DarkroomProcessingLine - Saving screenshot to ..\target\site\serenity\3d14a1671d85e0410b0011b600551e0aa5dd9d2fa0b4a59e6129c20544ba152d.png
17:28:16.628 [main] DEBUG n.s.core.photography.Darkroom - Send negative for processing for ..\target\site\serenity\5f3449222ef04e3e7172ef8cc4e1d0aa11bc1e61139fd750afa16632b0654b70.png
17:28:16.629 [Darkroom Processing Line] DEBUG n.s.c.p.DarkroomProcessingLine - Processing screenshot image in /var/screenshots/screenshot-6572988982776402816
17:28:16.629 [Darkroom Processing Line] DEBUG n.s.c.p.DarkroomProcessingLine - Saving screenshot to ..\target\site\serenity\5f3449222ef04e3e7172ef8cc4e1d0aa11bc1e61139fd750afa16632b0654b70.png
17:28:32.573 [main] DEBUG n.s.core.photography.Darkroom - Send negative for processing for ..\target\site\serenity\22549fcaaf96f774f0dbe415fbe52795c4b5045557aea7d490e974086a3fb97e.png
17:28:32.573 [Darkroom Processing Line] DEBUG n.s.c.p.DarkroomProcessingLine - Processing screenshot image in /var/screenshots/screenshot-3638977857140911391
17:28:32.574 [Darkroom Processing Line] DEBUG n.s.c.p.DarkroomProcessingLine - Saving screenshot to ..\target\site\serenity\22549fcaaf96f774f0dbe415fbe52795c4b5045557aea7d490e974086a3fb97e.png
17:28:34.205 [main] DEBUG n.s.core.photography.Darkroom - Send negative for processing for ..\target\site\serenity\9855e314e686d78228b2cfe9569e9fd4463c44256b4417411e499362ec641fa7.png
17:28:34.205 [Darkroom Processing Line] DEBUG n.s.c.p.DarkroomProcessingLine - Processing screenshot image in /var/screenshots/screenshot-2478621991239617827
17:28:34.205 [Darkroom Processing Line] DEBUG n.s.c.p.DarkroomProcessingLine - Saving screenshot to ..\target\site\serenity\9855e314e686d78228b2cfe9569e9fd4463c44256b4417411e499362ec641fa7.png
17:28:46.712 [main] DEBUG n.s.core.photography.Darkroom - Send negative for processing for ..\target\site\serenity\46e84274a0259aa077cb8d10686ad8d04b6a650a7a281fd6ac4157ffdff896d2.png
17:28:46.713 [Darkroom Processing Line] DEBUG n.s.c.p.DarkroomProcessingLine - Processing screenshot image in /var/screenshots/screenshot-6939271133054515095
17:28:46.713 [Darkroom Processing Line] DEBUG n.s.c.p.DarkroomProcessingLine - Saving screenshot to ..\target\site\serenity\46e84274a0259aa077cb8d10686ad8d04b6a650a7a281fd6ac4157ffdff896d2.png
17:28:51.951 [main] DEBUG n.s.core.photography.Darkroom - Send negative for processing for ..\target\site\serenity\816bc4820fbd5ab1fdf6784259477e075e7c90cc0a7dabd85955c1311fd61888.png
17:28:51.951 [Darkroom Processing Line] DEBUG n.s.c.p.DarkroomProcessingLine - Processing screenshot image in /var/screenshots/screenshot-2441559383143351423
17:28:51.951 [Darkroom Processing Line] DEBUG n.s.c.p.DarkroomProcessingLine - Saving screenshot to ..\target\site\serenity\816bc4820fbd5ab1fdf6784259477e075e7c90cc0a7dabd85955c1311fd61888.png
Suscripción mensual
17:28:59.238 [main] DEBUG n.s.core.photography.Darkroom - Send negative for processing for ..\target\site\serenity\816bc4820fbd5ab1fdf6784259477e075e7c90cc0a7dabd85955c1311fd61888.png
17:29:02.136 [main] ERROR n.t.c.steps.ConsoleLoggingListener - 
           __  _____ _____ ____ _____   _____ _    ___ _     _____ ____  
  _       / / |_   _| ____/ ___|_   _| |  ___/ \  |_ _| |   | ____|  _ \ 
 (_)_____| |    | | |  _| \___ \ | |   | |_ / _ \  | || |   |  _| | | | |
  _|_____| |    | | | |___ ___) || |   |  _/ ___ \ | || |___| |___| |_| |
 (_)     | |    |_| |_____|____/ |_|   |_|/_/   \_\___|_____|_____|____/ 
          \_\                                                            

TEST FAILED WITH ERROR: Comprar suscripción mediante CloudPay con dlocal
---------------------------------------------------------------------
17:29:02.137 [main] DEBUG n.t.c.steps.ConsoleLoggingListener - RELATED ISSUES: 
17:29:02.191 [main] ERROR n.t.c.steps.ConsoleLoggingListener - TEST FAILED AT STEP Verify dummy
17:29:02.191 [main] ERROR n.t.c.steps.ConsoleLoggingListener - no such element: Unable to locate element: {"method":"xpath","selector":"//*[@id="root"]/div/main/div/div/div/div[2]/div[2]/div/div[2]/table/tbody/tr/td[6]"}
]]></system-out>
    <system-err><![CDATA[nov. 03, 2021 5:27:06 P. M. org.openqa.selenium.remote.DesiredCapabilities chrome
INFO: Using `new ChromeOptions()` is preferred to `DesiredCapabilities.chrome()`
Starting ChromeDriver 95.0.4638.54 (d31a821ec901f68d0d34ccdbaea45b4c86ce543e-refs/branch-heads/4638@{#871}) on port 43662
Only local connections are allowed.
Please see https://chromedriver.chromium.org/security-considerations for suggestions on keeping ChromeDriver safe.
ChromeDriver was started successfully.
nov. 03, 2021 5:27:08 P. M. org.openqa.selenium.remote.ProtocolHandshake createSession
INFO: Detected dialect: W3C
]]></system-err>
  </testcase>
  <testcase name="Cancelar suscripción mediante CloudPay" classname="Comprar suscripción desde CloudPay con dLocal" time="56.02">
    <error message="no such element: Unable to locate element: {&quot;method&quot;:&quot;xpath&quot;,&quot;selector&quot;:&quot;//*[@id=&quot;navbar-user&quot;]/ul/li[3]/a&quot;}&#10;  (Session info: chrome=95.0.4638.69)&#10;For documentation on this error, please visit: https://www.seleniumhq.org/exceptions/no_such_element.html&#10;Build info: version: &apos;3.141.59&apos;, revision: &apos;e82be7d358&apos;, time: &apos;2018-11-14T08:17:03&apos;&#10;System info: host: &apos;LAPTOP-9H4QV9OJ&apos;, ip: &apos;172.27.247.105&apos;, os.name: &apos;Windows 10&apos;, os.arch: &apos;amd64&apos;, os.version: &apos;10.0&apos;, java.version: &apos;11.0.11&apos;&#10;Driver info: org.openqa.selenium.chrome.ChromeDriver&#10;Capabilities {acceptInsecureCerts: false, browserName: chrome, browserVersion: 95.0.4638.69, chrome: {chromedriverVersion: 95.0.4638.54 (d31a821ec901f..., userDataDir: C:\Users\jorge\AppData\Loca...}, goog:chromeOptions: {debuggerAddress: localhost:49263}, javascriptEnabled: true, networkConnectionEnabled: false, pageLoadStrategy: normal, platform: WINDOWS, platformName: WINDOWS, proxy: Proxy(), setWindowRect: true, strictFileInteractability: false, timeouts: {implicit: 0, pageLoad: 300000, script: 30000}, unhandledPromptBehavior: dismiss and notify, webauthn:extension:credBlob: true, webauthn:extension:largeBlob: true, webauthn:virtualAuthenticators: true}&#10;Session ID: d9128a185d58bf03f8cbb8af74158afb&#10;*** Element info: {Using=xpath, value=//*[@id=&quot;navbar-user&quot;]/ul/li[3]/a}" type="org.openqa.selenium.NoSuchElementException">org.openqa.selenium.NoSuchElementException: 
no such element: Unable to locate element: {"method":"xpath","selector":"//*[@id="navbar-user"]/ul/li[3]/a"}
  (Session info: chrome=95.0.4638.69)
For documentation on this error, please visit: https://www.seleniumhq.org/exceptions/no_such_element.html
Build info: version: '3.141.59', revision: 'e82be7d358', time: '2018-11-14T08:17:03'
System info: host: 'LAPTOP-9H4QV9OJ', ip: '172.27.247.105', os.name: 'Windows 10', os.arch: 'amd64', os.version: '10.0', java.version: '11.0.11'
Driver info: org.openqa.selenium.chrome.ChromeDriver
Capabilities {acceptInsecureCerts: false, browserName: chrome, browserVersion: 95.0.4638.69, chrome: {chromedriverVersion: 95.0.4638.54 (d31a821ec901f..., userDataDir: C:\Users\jorge\AppData\Loca...}, goog:chromeOptions: {debuggerAddress: localhost:49263}, javascriptEnabled: true, networkConnectionEnabled: false, pageLoadStrategy: normal, platform: WINDOWS, platformName: WINDOWS, proxy: Proxy(), setWindowRect: true, strictFileInteractability: false, timeouts: {implicit: 0, pageLoad: 300000, script: 30000}, unhandledPromptBehavior: dismiss and notify, webauthn:extension:credBlob: true, webauthn:extension:largeBlob: true, webauthn:virtualAuthenticators: true}
Session ID: d9128a185d58bf03f8cbb8af74158afb
*** Element info: {Using=xpath, value=//*[@id="navbar-user"]/ul/li[3]/a}
</error>
    <system-out><![CDATA[17:29:02.202 [main] INFO  n.t.c.steps.ConsoleLoggingListener - 
 _____ _____ ____ _____   ____ _____  _    ____ _____ _____ ____  
|_   _| ____/ ___|_   _| / ___|_   _|/ \  |  _ \_   _| ____|  _ \ 
  | | |  _| \___ \ | |   \___ \ | | / _ \ | |_) || | |  _| | | | |
  | | | |___ ___) || |    ___) || |/ ___ \|  _ < | | | |___| |_| |
  |_| |_____|____/ |_|   |____/ |_/_/   \_\_| \_\|_| |_____|____/ 
                                                                  

TEST STARTED: Cancelar suscripción mediante CloudPay
-------------------------------------------------------------------(comprar-suscripción-desde-cloudpay-con-dlocal;cancelar-suscripción-mediante-cloudpay)
17:29:02.215 [main] DEBUG n.t.core.steps.StepInterceptor - STARTING STEP: PayStepDefinition.searchSuscription - Ingresa a dummy y selecciona Cloudpay del país Argentina 
17:29:02.381 [main] INFO  n.s.c.w.d.ProvideNewDriver - Instantiating driver
17:29:02.381 [main] INFO  n.s.c.w.d.ProvideNewDriver - Driver capabilities: Capabilities {acceptInsecureCerts: false, browserName: chrome, goog:chromeOptions: {args: [], extensions: []}, loggingPrefs: org.openqa.selenium.logging..., platform: ANY, version: }
17:29:05.480 [main] DEBUG n.s.core.photography.Darkroom - Send negative for processing for ..\target\site\serenity\9855e314e686d78228b2cfe9569e9fd4463c44256b4417411e499362ec641fa7.png
17:29:21.568 [main] DEBUG n.t.core.steps.StepInterceptor - STEP DONE: Ingresa a dummy y selecciona Cloudpay del país Argentina 
17:29:45.837 [main] DEBUG n.s.core.photography.Darkroom - Send negative for processing for ..\target\site\serenity\1759774da0ee9d53370f2ab8914860177cbbb98b4a6387fff1b4d4ef64185c9a.png
17:29:45.837 [Darkroom Processing Line] DEBUG n.s.c.p.DarkroomProcessingLine - Processing screenshot image in /var/screenshots/screenshot-18240187411272292670
17:29:45.837 [Darkroom Processing Line] DEBUG n.s.c.p.DarkroomProcessingLine - Saving screenshot to ..\target\site\serenity\1759774da0ee9d53370f2ab8914860177cbbb98b4a6387fff1b4d4ef64185c9a.png
I2F1F6
17:29:55.115 [main] DEBUG n.s.core.photography.Darkroom - Send negative for processing for ..\target\site\serenity\ded648013b908ee005bcae97ef9fc492c7c337e10f7744df6b923397a60b6357.png
17:29:55.347 [main] DEBUG n.s.core.photography.Darkroom - Send negative for processing for ..\target\site\serenity\f2f51739d6f110e4b4a72ec6531394681d915569cb1742877a1c95b72842ba86.png
17:29:55.348 [Darkroom Processing Line] DEBUG n.s.c.p.DarkroomProcessingLine - Processing screenshot image in /var/screenshots/screenshot-2981794985020696954
17:29:55.348 [Darkroom Processing Line] DEBUG n.s.c.p.DarkroomProcessingLine - Saving screenshot to ..\target\site\serenity\f2f51739d6f110e4b4a72ec6531394681d915569cb1742877a1c95b72842ba86.png
LLEGAMOS AQUI DELETE
17:29:58.225 [main] ERROR n.t.c.steps.ConsoleLoggingListener - 
           __  _____ _____ ____ _____   _____ _    ___ _     _____ ____  
  _       / / |_   _| ____/ ___|_   _| |  ___/ \  |_ _| |   | ____|  _ \ 
 (_)_____| |    | | |  _| \___ \ | |   | |_ / _ \  | || |   |  _| | | | |
  _|_____| |    | | | |___ ___) || |   |  _/ ___ \ | || |___| |___| |_| |
 (_)     | |    |_| |_____|____/ |_|   |_|/_/   \_\___|_____|_____|____/ 
          \_\                                                            

TEST FAILED WITH ERROR: Cancelar suscripción mediante CloudPay
---------------------------------------------------------------------
17:29:58.225 [main] DEBUG n.t.c.steps.ConsoleLoggingListener - RELATED ISSUES: 
17:29:58.226 [main] ERROR n.t.c.steps.ConsoleLoggingListener - TEST FAILED AT STEP Access dummy cancell
17:29:58.226 [main] ERROR n.t.c.steps.ConsoleLoggingListener - no such element: Unable to locate element: {"method":"xpath","selector":"//*[@id="navbar-user"]/ul/li[3]/a"}
]]></system-out>
    <system-err><![CDATA[nov. 03, 2021 5:29:02 P. M. org.openqa.selenium.remote.DesiredCapabilities chrome
INFO: Using `new ChromeOptions()` is preferred to `DesiredCapabilities.chrome()`
Starting ChromeDriver 95.0.4638.54 (d31a821ec901f68d0d34ccdbaea45b4c86ce543e-refs/branch-heads/4638@{#871}) on port 44916
Only local connections are allowed.
Please see https://chromedriver.chromium.org/security-considerations for suggestions on keeping ChromeDriver safe.
ChromeDriver was started successfully.
nov. 03, 2021 5:29:03 P. M. org.openqa.selenium.remote.ProtocolHandshake createSession
INFO: Detected dialect: W3C
]]></system-err>
  </testcase>
</testsuite>